<?xml version="1.0" encoding="UTF-8"?>
<testsuites name="jest tests" tests="14" failures="0" errors="0" time="1.062">
  <testsuite name="test/api.test.js" errors="0" failures="0" skipped="0" timestamp="2025-10-13T09:38:33" time="0.457" tests="1">
    <testcase classname="API endpoints" name="should return list of products" time="0.026">
    </testcase>
  </testsuite>
  <testsuite name="test/app.test.js" errors="0" failures="0" skipped="0" timestamp="2025-10-13T09:38:34" time="0.28" tests="11">
    <testcase classname="Sustainable Marketplace App Test Suite Application Configuration" name="should have a valid Shopify app configuration" time="0.002">
    </testcase>
    <testcase classname="Sustainable Marketplace App Test Suite Database Interactions" name="should connect to the database" time="0.033">
    </testcase>
    <testcase classname="Sustainable Marketplace App Test Suite Database Interactions" name="should have a session table with correct schema" time="0.003">
    </testcase>
    <testcase classname="Sustainable Marketplace App Test Suite Routes and Navigation Index Route Loader" name="should call loader with mock request" time="0.003">
    </testcase>
    <testcase classname="Sustainable Marketplace App Test Suite Routes and Navigation Index Route Loader" name="should return showForm based on login availability" time="0.002">
    </testcase>
    <testcase classname="Sustainable Marketplace App Test Suite Routes and Navigation" name="should have an authentication route" time="0">
    </testcase>
    <testcase classname="Sustainable Marketplace App Test Suite Webhook Handling" name="should have a webhook route for app scopes update" time="0.001">
    </testcase>
    <testcase classname="Sustainable Marketplace App Test Suite Build and Deployment" name="should have a valid package.json with required scripts" time="0.002">
    </testcase>
    <testcase classname="Sustainable Marketplace App Test Suite Build and Deployment" name="should have correct Node.js engine requirement" time="0.001">
    </testcase>
    <testcase classname="Sustainable Marketplace App Test Suite Prisma Schema Validation" name="should have a valid Prisma schema file" time="0">
    </testcase>
    <testcase classname="Sustainable Marketplace App Test Suite Prisma Schema Validation" name="should have a Session model with correct fields" time="0.003">
    </testcase>
  </testsuite>
  <testsuite name="test/first.test.js" errors="0" failures="0" skipped="0" timestamp="2025-10-13T09:38:34" time="0.071" tests="2">
    <testcase classname="addition" name="adds numbers correctly" time="0.002">
    </testcase>
    <testcase classname="" name="adds numbers" time="0.001">
    </testcase>
  </testsuite>
</testsuites>